2025-08-03-09-57 [main] [com.java.web.hello.HelloWebApp] [INFO] - Starting HelloWebApp using Java 1.8.0_202 on DESKTOP-R8L57D2 with PID 28116 (F:\java-web\springboot-hello\target\classes started by Admin in F:\java-web)
2025-08-03-09-57 [main] [com.java.web.hello.HelloWebApp] [INFO] - No active profile set, falling back to 1 default profile: "default"
2025-08-03-09-57 [main] [org.springframework.boot.web.embedded.tomcat.TomcatWebServer] [INFO] - Tomcat initialized with port(s): 8080 (http)
2025-08-03-09-57 [main] [org.springframework.boot.web.servlet.context.ServletWebServerApplicationContext] [INFO] - Root WebApplicationContext: initialization completed in 3116 ms
2025-08-03-09-57 [main] [org.springframework.boot.web.servlet.context.AnnotationConfigServletWebServerApplicationContext] [WARN] - Exception encountered during context initialization - cancelling refresh attempt: org.springframework.context.ApplicationContextException: Failed to start bean 'webServerStartStop'; nested exception is org.springframework.boot.web.server.PortInUseException: Port 8080 is already in use
2025-08-03-09-57 [main] [org.springframework.boot.diagnostics.LoggingFailureAnalysisReporter] [ERROR] - 

***************************
APPLICATION FAILED TO START
***************************

Description:

Web server failed to start. Port 8080 was already in use.

Action:

Identify and stop the process that's listening on port 8080 or configure this application to listen on another port.

2025-08-03-10-12 [main] [com.java.web.hello.HelloWebApp] [INFO] - Starting HelloWebApp using Java 1.8.0_202 on DESKTOP-R8L57D2 with PID 20852 (F:\java-web\springboot-hello\target\classes started by Admin in F:\java-web)
2025-08-03-10-12 [main] [com.java.web.hello.HelloWebApp] [INFO] - No active profile set, falling back to 1 default profile: "default"
2025-08-03-10-12 [main] [org.springframework.boot.web.embedded.tomcat.TomcatWebServer] [INFO] - Tomcat initialized with port(s): 8080 (http)
2025-08-03-10-12 [main] [org.springframework.boot.web.servlet.context.ServletWebServerApplicationContext] [INFO] - Root WebApplicationContext: initialization completed in 3042 ms
2025-08-03-10-12 [main] [org.springframework.boot.web.embedded.tomcat.TomcatWebServer] [INFO] - Tomcat started on port(s): 8080 (http) with context path ''
2025-08-03-10-12 [main] [com.java.web.hello.HelloWebApp] [INFO] - Started HelloWebApp in 5.855 seconds (JVM running for 7.902)
2025-08-03-10-14 [main] [com.java.web.hello.HelloWebApp] [INFO] - Starting HelloWebApp using Java 1.8.0_202 on DESKTOP-R8L57D2 with PID 3260 (F:\java-web\springboot-hello\target\classes started by Admin in F:\java-web)
2025-08-03-10-14 [main] [com.java.web.hello.HelloWebApp] [INFO] - No active profile set, falling back to 1 default profile: "default"
2025-08-03-10-14 [main] [org.springframework.boot.web.embedded.tomcat.TomcatWebServer] [INFO] - Tomcat initialized with port(s): 8080 (http)
2025-08-03-10-14 [main] [org.springframework.boot.web.servlet.context.ServletWebServerApplicationContext] [INFO] - Root WebApplicationContext: initialization completed in 3208 ms
2025-08-03-10-14 [main] [org.springframework.boot.web.embedded.tomcat.TomcatWebServer] [INFO] - Tomcat started on port(s): 8080 (http) with context path ''
2025-08-03-10-14 [main] [com.java.web.hello.HelloWebApp] [INFO] - Started HelloWebApp in 5.729 seconds (JVM running for 6.998)
2025-08-03-10-15 [main] [com.java.web.hello.HelloWebApp] [INFO] - Starting HelloWebApp using Java 1.8.0_202 on DESKTOP-R8L57D2 with PID 8936 (F:\java-web\springboot-hello\target\classes started by Admin in F:\java-web)
2025-08-03-10-15 [main] [com.java.web.hello.HelloWebApp] [INFO] - No active profile set, falling back to 1 default profile: "default"
2025-08-03-10-15 [main] [org.springframework.boot.web.embedded.tomcat.TomcatWebServer] [INFO] - Tomcat initialized with port(s): 8080 (http)
2025-08-03-10-15 [main] [org.springframework.boot.web.servlet.context.ServletWebServerApplicationContext] [INFO] - Root WebApplicationContext: initialization completed in 2554 ms
2025-08-03-10-15 [main] [org.springframework.boot.web.embedded.tomcat.TomcatWebServer] [INFO] - Tomcat started on port(s): 8080 (http) with context path ''
2025-08-03-10-15 [main] [com.java.web.hello.HelloWebApp] [INFO] - Started HelloWebApp in 4.154 seconds (JVM running for 4.837)
2025-08-03-10-23 [main] [com.java.web.hello.HelloWebApp] [INFO] - Starting HelloWebApp using Java 1.8.0_202 on DESKTOP-R8L57D2 with PID 21124 (F:\java-web\springboot-hello\target\classes started by Admin in F:\java-web)
2025-08-03-10-23 [main] [com.java.web.hello.HelloWebApp] [INFO] - No active profile set, falling back to 1 default profile: "default"
2025-08-03-10-23 [main] [org.springframework.boot.web.embedded.tomcat.TomcatWebServer] [INFO] - Tomcat initialized with port(s): 8080 (http)
2025-08-03-10-23 [main] [org.springframework.boot.web.servlet.context.ServletWebServerApplicationContext] [INFO] - Root WebApplicationContext: initialization completed in 3682 ms
2025-08-03-10-23 [main] [org.springframework.boot.web.embedded.tomcat.TomcatWebServer] [INFO] - Tomcat started on port(s): 8080 (http) with context path ''
2025-08-03-10-23 [main] [com.java.web.hello.HelloWebApp] [INFO] - Started HelloWebApp in 6.053 seconds (JVM running for 7.205)
2025-08-03-10-25 [main] [com.java.web.hello.HelloWebApp] [INFO] - Starting HelloWebApp using Java 1.8.0_202 on DESKTOP-R8L57D2 with PID 6880 (F:\java-web\springboot-hello\target\classes started by Admin in F:\java-web)
2025-08-03-10-25 [main] [com.java.web.hello.HelloWebApp] [INFO] - No active profile set, falling back to 1 default profile: "default"
2025-08-03-10-25 [main] [org.springframework.boot.web.embedded.tomcat.TomcatWebServer] [INFO] - Tomcat initialized with port(s): 8080 (http)
2025-08-03-10-25 [main] [org.springframework.boot.web.servlet.context.ServletWebServerApplicationContext] [INFO] - Root WebApplicationContext: initialization completed in 3406 ms
2025-08-03-10-25 [main] [org.springframework.boot.web.embedded.tomcat.TomcatWebServer] [INFO] - Tomcat started on port(s): 8080 (http) with context path ''
2025-08-03-10-25 [main] [com.java.web.hello.HelloWebApp] [INFO] - Started HelloWebApp in 5.918 seconds (JVM running for 7.076)
2025-08-03-10-31 [main] [com.java.web.hello.HelloWebApp] [INFO] - Starting HelloWebApp using Java 1.8.0_202 on DESKTOP-R8L57D2 with PID 3088 (F:\java-web\springboot-hello\target\classes started by Admin in F:\java-web)
2025-08-03-10-31 [main] [com.java.web.hello.HelloWebApp] [INFO] - No active profile set, falling back to 1 default profile: "default"
2025-08-03-10-31 [main] [org.springframework.boot.web.embedded.tomcat.TomcatWebServer] [INFO] - Tomcat initialized with port(s): 8080 (http)
2025-08-03-10-31 [main] [org.springframework.boot.web.servlet.context.ServletWebServerApplicationContext] [INFO] - Root WebApplicationContext: initialization completed in 3116 ms
2025-08-03-10-31 [main] [org.springframework.boot.web.embedded.tomcat.TomcatWebServer] [INFO] - Tomcat started on port(s): 8080 (http) with context path ''
2025-08-03-10-31 [main] [com.java.web.hello.HelloWebApp] [INFO] - Started HelloWebApp in 5.706 seconds (JVM running for 6.823)
2025-08-03-10-32 [main] [com.java.web.hello.HelloWebApp] [INFO] - Starting HelloWebApp using Java 1.8.0_202 on DESKTOP-R8L57D2 with PID 21292 (F:\java-web\springboot-hello\target\classes started by Admin in F:\java-web)
2025-08-03-10-32 [main] [com.java.web.hello.HelloWebApp] [INFO] - No active profile set, falling back to 1 default profile: "default"
2025-08-03-10-32 [main] [org.springframework.boot.web.embedded.tomcat.TomcatWebServer] [INFO] - Tomcat initialized with port(s): 8080 (http)
2025-08-03-10-32 [main] [org.springframework.boot.web.servlet.context.ServletWebServerApplicationContext] [INFO] - Root WebApplicationContext: initialization completed in 3469 ms
2025-08-03-10-32 [main] [org.springframework.boot.web.embedded.tomcat.TomcatWebServer] [INFO] - Tomcat started on port(s): 8080 (http) with context path ''
2025-08-03-10-32 [main] [com.java.web.hello.HelloWebApp] [INFO] - Started HelloWebApp in 5.822 seconds (JVM running for 6.901)
