2024-04-24 09:29:41,380 INFO (StartupInfoLogger.java:55)- Starting MybatisWebApp using Java 1.8.0_271 on DESKTOP-R8L57D2 with PID 16072 (F:\java-web\springboot-mybatis\target\classes started by Admin in F:\java-web)
2024-04-24 09:29:41,388 INFO (SpringApplication.java:634)- No active profile set, falling back to 1 default profile: "default"
2024-04-24 09:29:42,686 INFO (TomcatWebServer.java:108)- Tomcat initialized with port(s): 8888 (http)
2024-04-24 09:29:42,695 INFO (DirectJDKLog.java:173)- Initializing ProtocolHandler ["http-nio-8888"]
2024-04-24 09:29:42,696 INFO (DirectJDKLog.java:173)- Starting service [Tomcat]
2024-04-24 09:29:42,697 INFO (DirectJDKLog.java:173)- Starting Servlet engine: [Apache Tomcat/9.0.63]
2024-04-24 09:29:42,846 INFO (DirectJDKLog.java:173)- Initializing Spring embedded WebApplicationContext
2024-04-24 09:29:42,847 INFO (ServletWebServerApplicationContext.java:292)- Root WebApplicationContext: initialization completed in 1379 ms
2024-04-24 09:29:43,395 INFO (DirectJDKLog.java:173)- Starting ProtocolHandler ["http-nio-8888"]
2024-04-24 09:29:43,413 INFO (TomcatWebServer.java:220)- Tomcat started on port(s): 8888 (http) with context path ''
2024-04-24 09:29:43,424 INFO (StartupInfoLogger.java:61)- Started MybatisWebApp in 2.755 seconds (JVM running for 3.981)
2024-04-24 09:30:26,984 INFO (DirectJDKLog.java:173)- Initializing Spring DispatcherServlet 'dispatcherServlet'
2024-04-24 09:30:26,984 INFO (FrameworkServlet.java:525)- Initializing Servlet 'dispatcherServlet'
2024-04-24 09:30:26,985 INFO (FrameworkServlet.java:547)- Completed initialization in 1 ms
2024-04-24 09:30:27,050 INFO (UserController.java:43)- userId:1
2024-04-24 09:30:27,061 INFO (HikariDataSource.java:110)- HikariPool-1 - Starting...
2024-04-24 09:30:27,159 INFO (HikariDataSource.java:123)- HikariPool-1 - Start completed.
2024-04-24 09:30:42,342 INFO (UserController.java:43)- userId:1
2024-04-24 09:31:25,034 INFO (UserController.java:43)- userId:1
2024-04-24 10:48:31,780 INFO (HikariDataSource.java:350)- HikariPool-1 - Shutdown initiated...
2024-04-24 10:48:31,785 INFO (HikariDataSource.java:352)- HikariPool-1 - Shutdown completed.
